<?xml version="1.0" encoding="UTF-8"?>
<!-- Generated by org.testng.reporters.JUnitReportReporter -->
<testsuite hostname="Supriyas-MacBook-Pro-3.local" failures="0" tests="1" name="Supriya_Sept8.Appium.LongPress" time="7.021" errors="0" timestamp="2022-11-14T15:40:07 PST" skipped="0">
  <testcase classname="Supriya_Sept8.Appium.LongPress" name="LongPressGesture" time="7.021"/>
  <system-out/>
</testsuite> <!-- Supriya_Sept8.Appium.LongPress -->
