<?xml version="1.0" encoding="UTF-8"?>
<!-- Generated by org.testng.reporters.JUnitReportReporter -->
<testsuite hostname="Supriyas-MacBook-Pro-3.local" failures="0" tests="1" name="Supriya_Sept8.Appium.ScrollDemo" time="10.510" errors="0" timestamp="2022-11-16T13:32:30 PST" skipped="0">
  <testcase classname="Supriya_Sept8.Appium.ScrollDemo" name="ScrollDemoTest" time="10.510"/>
  <system-out/>
</testsuite> <!-- Supriya_Sept8.Appium.ScrollDemo -->
