<?xml version="1.0" encoding="UTF-8"?>
<!-- Generated by org.testng.reporters.JUnitReportReporter -->
<testsuite hostname="Supriyas-MacBook-Pro-3.local" failures="0" tests="1" name="Supriya_Sept8.Appium.AppiumBasics" time="5.367" errors="0" timestamp="2022-11-08T14:56:22 PST" skipped="0">
  <testcase classname="Supriya_Sept8.Appium.AppiumBasics" name="WifiSettingsName" time="5.367"/>
  <system-out/>
</testsuite> <!-- Supriya_Sept8.Appium.AppiumBasics -->
